2023-03-26 00:51:31,282 [Worker-2: Loading available Gradle versions] INFO  o.e.b.c.i.u.g.PublishedGradleVersions - Gradle version information cache is up-to-date. Trying to read.
2023-03-26 00:51:54,780 [Worker-7: Importing Maven projects] INFO  o.e.m.c.i.l.LifecycleMappingFactory - Using org.eclipse.m2e.jdt.JarLifecycleMapping lifecycle mapping for MavenProject: com.library:eureka-server:0.0.1-SNAPSHOT @ C:\Users\ashish.kumar4\Desktop\emp management\UI\eureka-server\pom.xml.
2023-03-26 00:51:55,940 [Worker-7: Importing Maven projects] INFO  o.e.m.c.i.l.LifecycleMappingFactory - Using org.eclipse.m2e.jdt.JarLifecycleMapping lifecycle mapping for MavenProject: com.library:gateway:0.0.1-SNAPSHOT @ C:\Users\ashish.kumar4\Desktop\emp management\UI\gateway\pom.xml.
2023-03-26 00:51:56,340 [Worker-7: Importing Maven projects] INFO  o.e.m.c.i.l.LifecycleMappingFactory - Using org.eclipse.m2e.jdt.JarLifecycleMapping lifecycle mapping for MavenProject: com.user:user-authorization:0.0.1-SNAPSHOT @ C:\Users\ashish.kumar4\Desktop\emp management\UI\user-authorization\pom.xml.
2023-03-26 00:51:56,786 [Worker-7: Importing Maven projects] INFO  o.e.m.c.i.l.LifecycleMappingFactory - Using org.eclipse.m2e.jdt.JarLifecycleMapping lifecycle mapping for MavenProject: com.user:user-management:0.0.1-SNAPSHOT @ C:\Users\ashish.kumar4\Desktop\emp management\UI\user-management\pom.xml.
2023-03-26 00:52:00,960 [Worker-7: Importing Maven projects] INFO  o.e.m.j.i.AbstractJavaProjectConfigurator - Adding source folder /eureka-server/src/main/java
2023-03-26 00:52:00,961 [Worker-7: Importing Maven projects] INFO  o.e.m.j.i.AbstractJavaProjectConfigurator - Adding resource folder /eureka-server/src/main/resources
2023-03-26 00:52:00,983 [Worker-7: Importing Maven projects] INFO  o.e.m.j.i.AbstractJavaProjectConfigurator - Adding resource folder /eureka-server/src/main/resources
2023-03-26 00:52:01,011 [Worker-7: Importing Maven projects] INFO  o.e.m.j.i.AbstractJavaProjectConfigurator - Adding source folder /eureka-server/src/test/java
2023-03-26 00:52:08,955 [Worker-7: Importing Maven projects] INFO  o.e.m.j.i.AbstractJavaProjectConfigurator - Adding source folder /user-authorization/src/main/java
2023-03-26 00:52:08,956 [Worker-7: Importing Maven projects] INFO  o.e.m.j.i.AbstractJavaProjectConfigurator - Adding resource folder /user-authorization/src/main/resources
2023-03-26 00:52:09,008 [Worker-7: Importing Maven projects] INFO  o.e.m.j.i.AbstractJavaProjectConfigurator - Adding resource folder /user-authorization/src/main/resources
2023-03-26 00:52:09,066 [Worker-7: Importing Maven projects] INFO  o.e.m.j.i.AbstractJavaProjectConfigurator - Adding source folder /user-authorization/src/test/java
2023-03-26 00:52:11,059 [Worker-7: Importing Maven projects] INFO  o.e.m.j.i.AbstractJavaProjectConfigurator - Adding source folder /user-management/src/main/java
2023-03-26 00:52:11,060 [Worker-7: Importing Maven projects] INFO  o.e.m.j.i.AbstractJavaProjectConfigurator - Adding resource folder /user-management/src/main/resources
2023-03-26 00:52:11,073 [Worker-7: Importing Maven projects] INFO  o.e.m.j.i.AbstractJavaProjectConfigurator - Adding resource folder /user-management/src/main/resources
2023-03-26 00:52:11,092 [Worker-7: Importing Maven projects] INFO  o.e.m.j.i.AbstractJavaProjectConfigurator - Adding source folder /user-management/src/test/java
2023-03-26 00:52:12,690 [Worker-7: Importing Maven projects] INFO  o.e.m.j.i.AbstractJavaProjectConfigurator - Adding source folder /gateway/src/main/java
2023-03-26 00:52:12,691 [Worker-7: Importing Maven projects] INFO  o.e.m.j.i.AbstractJavaProjectConfigurator - Adding resource folder /gateway/src/main/resources
2023-03-26 00:52:12,708 [Worker-7: Importing Maven projects] INFO  o.e.m.j.i.AbstractJavaProjectConfigurator - Adding resource folder /gateway/src/main/resources
2023-03-26 00:52:12,724 [Worker-7: Importing Maven projects] INFO  o.e.m.j.i.AbstractJavaProjectConfigurator - Adding source folder /gateway/src/test/java
2023-03-26 00:52:15,154 [Worker-7: Importing Maven projects] INFO  o.e.m.c.i.p.ProjectConfigurationManager - Imported and configured 4 project(s) in 24 sec
2023-03-26 00:52:27,530 [Worker-6: Updating Maven Project] INFO  o.e.m.c.i.p.ProjectConfigurationManager - Update started
2023-03-26 00:52:29,670 [Worker-6: Updating Maven Project] INFO  o.e.m.c.i.l.LifecycleMappingFactory - Using org.eclipse.m2e.jdt.JarLifecycleMapping lifecycle mapping for MavenProject: com.library:eureka-server:0.0.1-SNAPSHOT @ C:\Users\ashish.kumar4\Desktop\emp management\UI\eureka-server\pom.xml.
2023-03-26 00:52:30,794 [Worker-6: Updating Maven Project] INFO  o.e.m.c.i.l.LifecycleMappingFactory - Using org.eclipse.m2e.jdt.JarLifecycleMapping lifecycle mapping for MavenProject: com.library:gateway:0.0.1-SNAPSHOT @ C:\Users\ashish.kumar4\Desktop\emp management\UI\gateway\pom.xml.
2023-03-26 00:52:31,823 [Worker-6: Updating Maven Project] INFO  o.e.m.c.i.l.LifecycleMappingFactory - Using org.eclipse.m2e.jdt.JarLifecycleMapping lifecycle mapping for MavenProject: com.user:user-authorization:0.0.1-SNAPSHOT @ C:\Users\ashish.kumar4\Desktop\emp management\UI\user-authorization\pom.xml.
2023-03-26 00:52:32,832 [Worker-6: Updating Maven Project] INFO  o.e.m.c.i.l.LifecycleMappingFactory - Using org.eclipse.m2e.jdt.JarLifecycleMapping lifecycle mapping for MavenProject: com.user:user-management:0.0.1-SNAPSHOT @ C:\Users\ashish.kumar4\Desktop\emp management\UI\user-management\pom.xml.
2023-03-26 00:52:37,230 [Worker-6: Updating Maven Project] INFO  o.e.m.j.i.AbstractJavaProjectConfigurator - Adding source folder /eureka-server/src/main/java
2023-03-26 00:52:37,230 [Worker-6: Updating Maven Project] INFO  o.e.m.j.i.AbstractJavaProjectConfigurator - Adding resource folder /eureka-server/src/main/resources
2023-03-26 00:52:37,232 [Worker-6: Updating Maven Project] INFO  o.e.m.j.i.AbstractJavaProjectConfigurator - Adding resource folder /eureka-server/src/main/resources
2023-03-26 00:52:37,233 [Worker-6: Updating Maven Project] INFO  o.e.m.j.i.AbstractJavaProjectConfigurator - Adding source folder /eureka-server/src/test/java
2023-03-26 00:52:38,409 [Worker-6: Updating Maven Project] INFO  o.e.m.j.i.AbstractJavaProjectConfigurator - Adding source folder /gateway/src/main/java
2023-03-26 00:52:38,410 [Worker-6: Updating Maven Project] INFO  o.e.m.j.i.AbstractJavaProjectConfigurator - Adding resource folder /gateway/src/main/resources
2023-03-26 00:52:38,410 [Worker-6: Updating Maven Project] INFO  o.e.m.j.i.AbstractJavaProjectConfigurator - Adding resource folder /gateway/src/main/resources
2023-03-26 00:52:38,411 [Worker-6: Updating Maven Project] INFO  o.e.m.j.i.AbstractJavaProjectConfigurator - Adding source folder /gateway/src/test/java
2023-03-26 00:52:40,176 [Worker-6: Updating Maven Project] INFO  o.e.m.j.i.AbstractJavaProjectConfigurator - Adding source folder /user-authorization/src/main/java
2023-03-26 00:52:40,176 [Worker-6: Updating Maven Project] INFO  o.e.m.j.i.AbstractJavaProjectConfigurator - Adding resource folder /user-authorization/src/main/resources
2023-03-26 00:52:40,178 [Worker-6: Updating Maven Project] INFO  o.e.m.j.i.AbstractJavaProjectConfigurator - Adding resource folder /user-authorization/src/main/resources
2023-03-26 00:52:40,179 [Worker-6: Updating Maven Project] INFO  o.e.m.j.i.AbstractJavaProjectConfigurator - Adding source folder /user-authorization/src/test/java
2023-03-26 00:52:42,206 [Worker-6: Updating Maven Project] INFO  o.e.m.j.i.AbstractJavaProjectConfigurator - Adding source folder /user-management/src/main/java
2023-03-26 00:52:42,208 [Worker-6: Updating Maven Project] INFO  o.e.m.j.i.AbstractJavaProjectConfigurator - Adding resource folder /user-management/src/main/resources
2023-03-26 00:52:42,209 [Worker-6: Updating Maven Project] INFO  o.e.m.j.i.AbstractJavaProjectConfigurator - Adding resource folder /user-management/src/main/resources
2023-03-26 00:52:42,209 [Worker-6: Updating Maven Project] INFO  o.e.m.j.i.AbstractJavaProjectConfigurator - Adding source folder /user-management/src/test/java
2023-03-26 00:52:44,189 [Worker-6: Updating Maven Project] INFO  o.e.m.c.i.p.ProjectConfigurationManager - Update completed for 4 poms: local refresh takes 0.00 sec, refresh facades takes 9.00 sec, update config takes 6.00 sec 
2023-03-26 01:11:13,732 [Worker-1: Loading available Gradle versions] INFO  o.e.b.c.i.u.g.PublishedGradleVersions - Gradle version information cache is up-to-date. Trying to read.
2023-03-26 01:11:26,951 [Worker-1: Building] INFO  o.e.m.c.i.embedder.EclipseLogger - Using 'UTF-8' encoding to copy filtered resources.
2023-03-26 01:11:26,959 [Worker-1: Building] INFO  o.e.m.c.i.embedder.EclipseLogger - Using 'UTF-8' encoding to copy filtered properties files.
2023-03-26 01:11:26,959 [Worker-1: Building] INFO  o.e.m.c.i.embedder.EclipseLogger - Copying 1 resource
2023-03-26 01:11:27,035 [Worker-1: Building] INFO  o.e.m.c.i.embedder.EclipseLogger - Copying 0 resource
2023-03-26 01:11:27,041 [Worker-1: Building] INFO  o.e.m.c.i.embedder.EclipseLogger - Using 'UTF-8' encoding to copy filtered resources.
2023-03-26 01:11:27,041 [Worker-1: Building] INFO  o.e.m.c.i.embedder.EclipseLogger - Using 'UTF-8' encoding to copy filtered properties files.
2023-03-26 01:11:27,041 [Worker-1: Building] INFO  o.e.m.c.i.embedder.EclipseLogger - skip non existing resourceDirectory C:\Users\ashish.kumar4\Desktop\emp management\UI\eureka-server\src\test\resources
2023-03-26 01:11:29,465 [Worker-1: Building] INFO  o.e.m.c.i.embedder.EclipseLogger - Using 'UTF-8' encoding to copy filtered resources.
2023-03-26 01:11:29,466 [Worker-1: Building] INFO  o.e.m.c.i.embedder.EclipseLogger - Using 'UTF-8' encoding to copy filtered properties files.
2023-03-26 01:11:29,466 [Worker-1: Building] INFO  o.e.m.c.i.embedder.EclipseLogger - Copying 1 resource
2023-03-26 01:11:29,486 [Worker-1: Building] INFO  o.e.m.c.i.embedder.EclipseLogger - Copying 0 resource
2023-03-26 01:11:29,496 [Worker-1: Building] INFO  o.e.m.c.i.embedder.EclipseLogger - Using 'UTF-8' encoding to copy filtered resources.
2023-03-26 01:11:29,496 [Worker-1: Building] INFO  o.e.m.c.i.embedder.EclipseLogger - Using 'UTF-8' encoding to copy filtered properties files.
2023-03-26 01:11:29,496 [Worker-1: Building] INFO  o.e.m.c.i.embedder.EclipseLogger - skip non existing resourceDirectory C:\Users\ashish.kumar4\Desktop\emp management\UI\gateway\src\test\resources
2023-03-26 01:11:32,825 [Worker-1: Building] INFO  o.e.m.c.i.embedder.EclipseLogger - Using 'UTF-8' encoding to copy filtered resources.
2023-03-26 01:11:32,825 [Worker-1: Building] INFO  o.e.m.c.i.embedder.EclipseLogger - Using 'UTF-8' encoding to copy filtered properties files.
2023-03-26 01:11:32,826 [Worker-1: Building] INFO  o.e.m.c.i.embedder.EclipseLogger - Copying 1 resource
2023-03-26 01:11:32,850 [Worker-1: Building] INFO  o.e.m.c.i.embedder.EclipseLogger - Copying 0 resource
2023-03-26 01:11:32,855 [Worker-1: Building] INFO  o.e.m.c.i.embedder.EclipseLogger - Using 'UTF-8' encoding to copy filtered resources.
2023-03-26 01:11:32,855 [Worker-1: Building] INFO  o.e.m.c.i.embedder.EclipseLogger - Using 'UTF-8' encoding to copy filtered properties files.
2023-03-26 01:11:32,855 [Worker-1: Building] INFO  o.e.m.c.i.embedder.EclipseLogger - skip non existing resourceDirectory C:\Users\ashish.kumar4\Desktop\emp management\UI\user-authorization\src\test\resources
2023-03-26 01:11:34,354 [Worker-1: Building] INFO  o.e.m.c.i.embedder.EclipseLogger - Using 'UTF-8' encoding to copy filtered resources.
2023-03-26 01:11:34,355 [Worker-1: Building] INFO  o.e.m.c.i.embedder.EclipseLogger - Using 'UTF-8' encoding to copy filtered properties files.
2023-03-26 01:11:34,355 [Worker-1: Building] INFO  o.e.m.c.i.embedder.EclipseLogger - Copying 1 resource
2023-03-26 01:11:34,397 [Worker-1: Building] INFO  o.e.m.c.i.embedder.EclipseLogger - Copying 0 resource
2023-03-26 01:11:34,402 [Worker-1: Building] INFO  o.e.m.c.i.embedder.EclipseLogger - Using 'UTF-8' encoding to copy filtered resources.
2023-03-26 01:11:34,402 [Worker-1: Building] INFO  o.e.m.c.i.embedder.EclipseLogger - Using 'UTF-8' encoding to copy filtered properties files.
2023-03-26 01:11:34,402 [Worker-1: Building] INFO  o.e.m.c.i.embedder.EclipseLogger - skip non existing resourceDirectory C:\Users\ashish.kumar4\Desktop\emp management\UI\user-management\src\test\resources
2023-03-26 01:14:13,235 [Worker-6: Building] INFO  o.e.m.c.i.embedder.EclipseLogger - Using 'UTF-8' encoding to copy filtered resources.
2023-03-26 01:14:13,235 [Worker-6: Building] INFO  o.e.m.c.i.embedder.EclipseLogger - Using 'UTF-8' encoding to copy filtered properties files.
2023-03-26 01:14:13,237 [Worker-6: Building] INFO  o.e.m.c.i.embedder.EclipseLogger - Copying 1 resource
2023-03-26 01:14:13,247 [Worker-6: Building] INFO  o.e.m.c.i.embedder.EclipseLogger - Copying 0 resource
2023-03-26 01:14:13,250 [Worker-6: Building] INFO  o.e.m.c.i.embedder.EclipseLogger - Using 'UTF-8' encoding to copy filtered resources.
2023-03-26 01:14:13,250 [Worker-6: Building] INFO  o.e.m.c.i.embedder.EclipseLogger - Using 'UTF-8' encoding to copy filtered properties files.
2023-03-26 01:14:13,250 [Worker-6: Building] INFO  o.e.m.c.i.embedder.EclipseLogger - skip non existing resourceDirectory C:\Users\ashish.kumar4\Desktop\emp management\UI\user-management\src\test\resources
2023-03-26 01:16:30,209 [main] INFO  o.e.m2e.actions.ExecutePomAction - Creating new launch configuration
2023-03-26 01:16:39,320 [Worker-1: Launching user-management] INFO  o.eclipse.m2e.core.internal.Bundles - getClasspathEntries(Bundle=org.eclipse.m2e.maven.runtime_3.8.604.20221130-2149 [345])
2023-03-26 01:16:39,333 [Worker-1: Launching user-management] INFO  o.eclipse.m2e.core.internal.Bundles - 	Entry: C:\Users\ashish.kumar4\Downloads\sts-4.17.2.RELEASE\plugins\org.eclipse.m2e.maven.runtime_3.8.604.20221130-2149
2023-03-26 01:16:39,333 [Worker-1: Launching user-management] INFO  o.eclipse.m2e.core.internal.Bundles - 	Entry: C:\Users\ashish.kumar4\Downloads\sts-4.17.2.RELEASE\plugins\org.eclipse.m2e.maven.runtime_3.8.604.20221130-2149\jars\aether-connector-okhttp-0.17.8.jar
2023-03-26 01:16:39,334 [Worker-1: Launching user-management] INFO  o.eclipse.m2e.core.internal.Bundles - 	Entry: C:\Users\ashish.kumar4\Downloads\sts-4.17.2.RELEASE\plugins\org.eclipse.m2e.maven.runtime_3.8.604.20221130-2149\jars\commons-cli-1.4.jar
2023-03-26 01:16:39,334 [Worker-1: Launching user-management] INFO  o.eclipse.m2e.core.internal.Bundles - 	Entry: C:\Users\ashish.kumar4\Downloads\sts-4.17.2.RELEASE\plugins\org.eclipse.m2e.maven.runtime_3.8.604.20221130-2149\jars\commons-io-2.6.jar
2023-03-26 01:16:39,334 [Worker-1: Launching user-management] INFO  o.eclipse.m2e.core.internal.Bundles - 	Entry: C:\Users\ashish.kumar4\Downloads\sts-4.17.2.RELEASE\plugins\org.eclipse.m2e.maven.runtime_3.8.604.20221130-2149\jars\commons-lang3-3.8.1.jar
2023-03-26 01:16:39,334 [Worker-1: Launching user-management] INFO  o.eclipse.m2e.core.internal.Bundles - 	Entry: C:\Users\ashish.kumar4\Downloads\sts-4.17.2.RELEASE\plugins\org.eclipse.m2e.maven.runtime_3.8.604.20221130-2149\jars\guice-4.2.2-no_aop.jar
2023-03-26 01:16:39,334 [Worker-1: Launching user-management] INFO  o.eclipse.m2e.core.internal.Bundles - 	Entry: C:\Users\ashish.kumar4\Downloads\sts-4.17.2.RELEASE\plugins\org.eclipse.m2e.maven.runtime_3.8.604.20221130-2149\jars\jansi-2.4.0.jar
2023-03-26 01:16:39,335 [Worker-1: Launching user-management] INFO  o.eclipse.m2e.core.internal.Bundles - 	Entry: C:\Users\ashish.kumar4\Downloads\sts-4.17.2.RELEASE\plugins\org.eclipse.m2e.maven.runtime_3.8.604.20221130-2149\jars\maven-artifact-3.8.6.jar
2023-03-26 01:16:39,335 [Worker-1: Launching user-management] INFO  o.eclipse.m2e.core.internal.Bundles - 	Entry: C:\Users\ashish.kumar4\Downloads\sts-4.17.2.RELEASE\plugins\org.eclipse.m2e.maven.runtime_3.8.604.20221130-2149\jars\maven-builder-support-3.8.6.jar
2023-03-26 01:16:39,335 [Worker-1: Launching user-management] INFO  o.eclipse.m2e.core.internal.Bundles - 	Entry: C:\Users\ashish.kumar4\Downloads\sts-4.17.2.RELEASE\plugins\org.eclipse.m2e.maven.runtime_3.8.604.20221130-2149\jars\maven-compat-3.8.6.jar
2023-03-26 01:16:39,335 [Worker-1: Launching user-management] INFO  o.eclipse.m2e.core.internal.Bundles - 	Entry: C:\Users\ashish.kumar4\Downloads\sts-4.17.2.RELEASE\plugins\org.eclipse.m2e.maven.runtime_3.8.604.20221130-2149\jars\maven-core-3.8.6.jar
2023-03-26 01:16:39,335 [Worker-1: Launching user-management] INFO  o.eclipse.m2e.core.internal.Bundles - 	Entry: C:\Users\ashish.kumar4\Downloads\sts-4.17.2.RELEASE\plugins\org.eclipse.m2e.maven.runtime_3.8.604.20221130-2149\jars\maven-embedder-3.8.6.jar
2023-03-26 01:16:39,336 [Worker-1: Launching user-management] INFO  o.eclipse.m2e.core.internal.Bundles - 	Entry: C:\Users\ashish.kumar4\Downloads\sts-4.17.2.RELEASE\plugins\org.eclipse.m2e.maven.runtime_3.8.604.20221130-2149\jars\maven-model-3.8.6.jar
2023-03-26 01:16:39,336 [Worker-1: Launching user-management] INFO  o.eclipse.m2e.core.internal.Bundles - 	Entry: C:\Users\ashish.kumar4\Downloads\sts-4.17.2.RELEASE\plugins\org.eclipse.m2e.maven.runtime_3.8.604.20221130-2149\jars\maven-model-builder-3.8.6.jar
2023-03-26 01:16:39,336 [Worker-1: Launching user-management] INFO  o.eclipse.m2e.core.internal.Bundles - 	Entry: C:\Users\ashish.kumar4\Downloads\sts-4.17.2.RELEASE\plugins\org.eclipse.m2e.maven.runtime_3.8.604.20221130-2149\jars\maven-plugin-api-3.8.6.jar
2023-03-26 01:16:39,336 [Worker-1: Launching user-management] INFO  o.eclipse.m2e.core.internal.Bundles - 	Entry: C:\Users\ashish.kumar4\Downloads\sts-4.17.2.RELEASE\plugins\org.eclipse.m2e.maven.runtime_3.8.604.20221130-2149\jars\maven-repository-metadata-3.8.6.jar
2023-03-26 01:16:39,337 [Worker-1: Launching user-management] INFO  o.eclipse.m2e.core.internal.Bundles - 	Entry: C:\Users\ashish.kumar4\Downloads\sts-4.17.2.RELEASE\plugins\org.eclipse.m2e.maven.runtime_3.8.604.20221130-2149\jars\maven-resolver-api-1.6.3.jar
2023-03-26 01:16:39,337 [Worker-1: Launching user-management] INFO  o.eclipse.m2e.core.internal.Bundles - 	Entry: C:\Users\ashish.kumar4\Downloads\sts-4.17.2.RELEASE\plugins\org.eclipse.m2e.maven.runtime_3.8.604.20221130-2149\jars\maven-resolver-connector-basic-1.6.3.jar
2023-03-26 01:16:39,337 [Worker-1: Launching user-management] INFO  o.eclipse.m2e.core.internal.Bundles - 	Entry: C:\Users\ashish.kumar4\Downloads\sts-4.17.2.RELEASE\plugins\org.eclipse.m2e.maven.runtime_3.8.604.20221130-2149\jars\maven-resolver-impl-1.6.3.jar
2023-03-26 01:16:39,337 [Worker-1: Launching user-management] INFO  o.eclipse.m2e.core.internal.Bundles - 	Entry: C:\Users\ashish.kumar4\Downloads\sts-4.17.2.RELEASE\plugins\org.eclipse.m2e.maven.runtime_3.8.604.20221130-2149\jars\maven-resolver-provider-3.8.6.jar
2023-03-26 01:16:39,337 [Worker-1: Launching user-management] INFO  o.eclipse.m2e.core.internal.Bundles - 	Entry: C:\Users\ashish.kumar4\Downloads\sts-4.17.2.RELEASE\plugins\org.eclipse.m2e.maven.runtime_3.8.604.20221130-2149\jars\maven-resolver-spi-1.6.3.jar
2023-03-26 01:16:39,338 [Worker-1: Launching user-management] INFO  o.eclipse.m2e.core.internal.Bundles - 	Entry: C:\Users\ashish.kumar4\Downloads\sts-4.17.2.RELEASE\plugins\org.eclipse.m2e.maven.runtime_3.8.604.20221130-2149\jars\maven-resolver-transport-wagon-1.6.3.jar
2023-03-26 01:16:39,338 [Worker-1: Launching user-management] INFO  o.eclipse.m2e.core.internal.Bundles - 	Entry: C:\Users\ashish.kumar4\Downloads\sts-4.17.2.RELEASE\plugins\org.eclipse.m2e.maven.runtime_3.8.604.20221130-2149\jars\maven-resolver-util-1.6.3.jar
2023-03-26 01:16:39,338 [Worker-1: Launching user-management] INFO  o.eclipse.m2e.core.internal.Bundles - 	Entry: C:\Users\ashish.kumar4\Downloads\sts-4.17.2.RELEASE\plugins\org.eclipse.m2e.maven.runtime_3.8.604.20221130-2149\jars\maven-settings-3.8.6.jar
2023-03-26 01:16:39,338 [Worker-1: Launching user-management] INFO  o.eclipse.m2e.core.internal.Bundles - 	Entry: C:\Users\ashish.kumar4\Downloads\sts-4.17.2.RELEASE\plugins\org.eclipse.m2e.maven.runtime_3.8.604.20221130-2149\jars\maven-settings-builder-3.8.6.jar
2023-03-26 01:16:39,338 [Worker-1: Launching user-management] INFO  o.eclipse.m2e.core.internal.Bundles - 	Entry: C:\Users\ashish.kumar4\Downloads\sts-4.17.2.RELEASE\plugins\org.eclipse.m2e.maven.runtime_3.8.604.20221130-2149\jars\maven-shared-utils-3.3.4.jar
2023-03-26 01:16:39,339 [Worker-1: Launching user-management] INFO  o.eclipse.m2e.core.internal.Bundles - 	Entry: C:\Users\ashish.kumar4\Downloads\sts-4.17.2.RELEASE\plugins\org.eclipse.m2e.maven.runtime_3.8.604.20221130-2149\jars\okhttp-3.14.1.jar
2023-03-26 01:16:39,339 [Worker-1: Launching user-management] INFO  o.eclipse.m2e.core.internal.Bundles - 	Entry: C:\Users\ashish.kumar4\Downloads\sts-4.17.2.RELEASE\plugins\org.eclipse.m2e.maven.runtime_3.8.604.20221130-2149\jars\okio-1.17.3.jar
2023-03-26 01:16:39,339 [Worker-1: Launching user-management] INFO  o.eclipse.m2e.core.internal.Bundles - 	Entry: C:\Users\ashish.kumar4\Downloads\sts-4.17.2.RELEASE\plugins\org.eclipse.m2e.maven.runtime_3.8.604.20221130-2149\jars\org.eclipse.sisu.inject-0.3.5.jar
2023-03-26 01:16:39,339 [Worker-1: Launching user-management] INFO  o.eclipse.m2e.core.internal.Bundles - 	Entry: C:\Users\ashish.kumar4\Downloads\sts-4.17.2.RELEASE\plugins\org.eclipse.m2e.maven.runtime_3.8.604.20221130-2149\jars\org.eclipse.sisu.plexus-0.3.5.jar
2023-03-26 01:16:39,340 [Worker-1: Launching user-management] INFO  o.eclipse.m2e.core.internal.Bundles - 	Entry: C:\Users\ashish.kumar4\Downloads\sts-4.17.2.RELEASE\plugins\org.eclipse.m2e.maven.runtime_3.8.604.20221130-2149\jars\plexus-build-api-0.0.7.jar
2023-03-26 01:16:39,340 [Worker-1: Launching user-management] INFO  o.eclipse.m2e.core.internal.Bundles - 	Entry: C:\Users\ashish.kumar4\Downloads\sts-4.17.2.RELEASE\plugins\org.eclipse.m2e.maven.runtime_3.8.604.20221130-2149\jars\plexus-cipher-2.0.jar
2023-03-26 01:16:39,340 [Worker-1: Launching user-management] INFO  o.eclipse.m2e.core.internal.Bundles - 	Entry: C:\Users\ashish.kumar4\Downloads\sts-4.17.2.RELEASE\plugins\org.eclipse.m2e.maven.runtime_3.8.604.20221130-2149\jars\plexus-classworlds-2.6.0.jar
2023-03-26 01:16:39,340 [Worker-1: Launching user-management] INFO  o.eclipse.m2e.core.internal.Bundles - 	Entry: C:\Users\ashish.kumar4\Downloads\sts-4.17.2.RELEASE\plugins\org.eclipse.m2e.maven.runtime_3.8.604.20221130-2149\jars\plexus-component-annotations-2.1.0.jar
2023-03-26 01:16:39,340 [Worker-1: Launching user-management] INFO  o.eclipse.m2e.core.internal.Bundles - 	Entry: C:\Users\ashish.kumar4\Downloads\sts-4.17.2.RELEASE\plugins\org.eclipse.m2e.maven.runtime_3.8.604.20221130-2149\jars\plexus-interpolation-1.26.jar
2023-03-26 01:16:39,341 [Worker-1: Launching user-management] INFO  o.eclipse.m2e.core.internal.Bundles - 	Entry: C:\Users\ashish.kumar4\Downloads\sts-4.17.2.RELEASE\plugins\org.eclipse.m2e.maven.runtime_3.8.604.20221130-2149\jars\plexus-sec-dispatcher-2.0.jar
2023-03-26 01:16:39,341 [Worker-1: Launching user-management] INFO  o.eclipse.m2e.core.internal.Bundles - 	Entry: C:\Users\ashish.kumar4\Downloads\sts-4.17.2.RELEASE\plugins\org.eclipse.m2e.maven.runtime_3.8.604.20221130-2149\jars\plexus-utils-3.3.1.jar
2023-03-26 01:16:39,341 [Worker-1: Launching user-management] INFO  o.eclipse.m2e.core.internal.Bundles - 	Entry: C:\Users\ashish.kumar4\Downloads\sts-4.17.2.RELEASE\plugins\org.eclipse.m2e.maven.runtime_3.8.604.20221130-2149\jars\wagon-file-3.5.1.jar
2023-03-26 01:16:39,342 [Worker-1: Launching user-management] INFO  o.eclipse.m2e.core.internal.Bundles - 	Entry: C:\Users\ashish.kumar4\Downloads\sts-4.17.2.RELEASE\plugins\org.eclipse.m2e.maven.runtime_3.8.604.20221130-2149\jars\wagon-provider-api-3.5.1.jar
2023-03-26 01:16:39,344 [Worker-1: Launching user-management] INFO  o.eclipse.m2e.core.internal.Bundles - getClasspathEntries(Bundle=com.google.guava_30.1.0.v20221112-0806 [22])
2023-03-26 01:16:39,346 [Worker-1: Launching user-management] INFO  o.eclipse.m2e.core.internal.Bundles - 	Entry: C:\Users\ashish.kumar4\Downloads\sts-4.17.2.RELEASE\plugins\com.google.guava_30.1.0.v20221112-0806.jar
2023-03-26 01:16:39,347 [Worker-1: Launching user-management] INFO  o.eclipse.m2e.core.internal.Bundles - getClasspathEntries(Bundle=slf4j.api_1.7.36 [584])
2023-03-26 01:16:39,347 [Worker-1: Launching user-management] INFO  o.eclipse.m2e.core.internal.Bundles - 	Entry: C:\Users\ashish.kumar4\Downloads\sts-4.17.2.RELEASE\plugins\slf4j.api_1.7.36.jar
2023-03-26 01:16:39,347 [Worker-1: Launching user-management] INFO  o.eclipse.m2e.core.internal.Bundles - getClasspathEntries(Bundle=javax.inject_1.0.0.v20220405-0441 [49])
2023-03-26 01:16:39,349 [Worker-1: Launching user-management] INFO  o.eclipse.m2e.core.internal.Bundles - 	Entry: C:\Users\ashish.kumar4\Downloads\sts-4.17.2.RELEASE\plugins\javax.inject_1.0.0.v20220405-0441.jar
2023-03-26 01:16:39,349 [Worker-1: Launching user-management] INFO  o.eclipse.m2e.core.internal.Bundles - getClasspathEntries(Bundle=javax.annotation_1.3.5.v20221112-0806 [47])
2023-03-26 01:16:39,350 [Worker-1: Launching user-management] INFO  o.eclipse.m2e.core.internal.Bundles - 	Entry: C:\Users\ashish.kumar4\Downloads\sts-4.17.2.RELEASE\plugins\javax.annotation_1.3.5.v20221112-0806.jar
2023-03-26 01:16:39,353 [Worker-1: Launching user-management] INFO  o.e.m.i.launch.MavenLaunchDelegate - Run build in "C:\Users\ashish.kumar4\Desktop\emp management\UI\user-management":
2023-03-26 01:16:39,353 [Worker-1: Launching user-management] INFO  o.e.m.i.launch.MavenLaunchDelegate -  mvn  -B -Dstyle.color=always eclipse:eclipse
2023-03-26 01:16:39,824 [Worker-12: Building] INFO  o.e.m.c.i.l.LifecycleMappingFactory - Using org.eclipse.m2e.jdt.JarLifecycleMapping lifecycle mapping for MavenProject: com.user:user-management:0.0.1-SNAPSHOT @ C:\Users\ashish.kumar4\Desktop\emp management\UI\user-management\pom.xml.
2023-03-26 01:16:40,744 [Worker-12: Building] INFO  o.e.m.c.i.embedder.EclipseLogger - Using 'UTF-8' encoding to copy filtered resources.
2023-03-26 01:16:40,744 [Worker-12: Building] INFO  o.e.m.c.i.embedder.EclipseLogger - Using 'UTF-8' encoding to copy filtered properties files.
2023-03-26 01:16:40,747 [Worker-12: Building] INFO  o.e.m.c.i.embedder.EclipseLogger - Copying 1 resource
2023-03-26 01:16:40,765 [Worker-12: Building] INFO  o.e.m.c.i.embedder.EclipseLogger - Copying 0 resource
2023-03-26 01:16:40,769 [Worker-12: Building] INFO  o.e.m.c.i.embedder.EclipseLogger - Using 'UTF-8' encoding to copy filtered resources.
2023-03-26 01:16:40,769 [Worker-12: Building] INFO  o.e.m.c.i.embedder.EclipseLogger - Using 'UTF-8' encoding to copy filtered properties files.
2023-03-26 01:16:40,769 [Worker-12: Building] INFO  o.e.m.c.i.embedder.EclipseLogger - skip non existing resourceDirectory C:\Users\ashish.kumar4\Desktop\emp management\UI\user-management\src\test\resources
2023-03-26 01:16:42,187 [Worker-12: Building] INFO  o.e.m.c.i.embedder.EclipseLogger - Using 'UTF-8' encoding to copy filtered resources.
2023-03-26 01:16:42,188 [Worker-12: Building] INFO  o.e.m.c.i.embedder.EclipseLogger - Using 'UTF-8' encoding to copy filtered properties files.
2023-03-26 01:16:42,190 [Worker-12: Building] INFO  o.e.m.c.i.embedder.EclipseLogger - Copying 1 resource
2023-03-26 01:16:42,196 [Worker-12: Building] INFO  o.e.m.c.i.embedder.EclipseLogger - Copying 0 resource
2023-03-26 01:16:42,200 [Worker-12: Building] INFO  o.e.m.c.i.embedder.EclipseLogger - Using 'UTF-8' encoding to copy filtered resources.
2023-03-26 01:16:42,201 [Worker-12: Building] INFO  o.e.m.c.i.embedder.EclipseLogger - Using 'UTF-8' encoding to copy filtered properties files.
2023-03-26 01:16:42,201 [Worker-12: Building] INFO  o.e.m.c.i.embedder.EclipseLogger - skip non existing resourceDirectory C:\Users\ashish.kumar4\Desktop\emp management\UI\user-management\src\test\resources
2023-03-26 01:17:36,310 [Worker-4: Building] INFO  o.e.m.c.i.embedder.EclipseLogger - Using 'UTF-8' encoding to copy filtered resources.
2023-03-26 01:17:36,310 [Worker-4: Building] INFO  o.e.m.c.i.embedder.EclipseLogger - Using 'UTF-8' encoding to copy filtered properties files.
2023-03-26 01:17:36,310 [Worker-4: Building] INFO  o.e.m.c.i.embedder.EclipseLogger - Copying 1 resource
2023-03-26 01:17:36,314 [Worker-4: Building] INFO  o.e.m.c.i.embedder.EclipseLogger - Copying 0 resource
2023-03-26 01:17:36,317 [Worker-4: Building] INFO  o.e.m.c.i.embedder.EclipseLogger - Using 'UTF-8' encoding to copy filtered resources.
2023-03-26 01:17:36,317 [Worker-4: Building] INFO  o.e.m.c.i.embedder.EclipseLogger - Using 'UTF-8' encoding to copy filtered properties files.
2023-03-26 01:17:36,317 [Worker-4: Building] INFO  o.e.m.c.i.embedder.EclipseLogger - skip non existing resourceDirectory C:\Users\ashish.kumar4\Desktop\emp management\UI\user-management\src\test\resources
2023-03-26 01:20:58,672 [Worker-1: Building] INFO  o.e.m.c.i.embedder.EclipseLogger - Using 'UTF-8' encoding to copy filtered resources.
2023-03-26 01:20:58,672 [Worker-1: Building] INFO  o.e.m.c.i.embedder.EclipseLogger - Using 'UTF-8' encoding to copy filtered properties files.
2023-03-26 01:20:58,675 [Worker-1: Building] INFO  o.e.m.c.i.embedder.EclipseLogger - Copying 1 resource
2023-03-26 01:20:58,680 [Worker-1: Building] INFO  o.e.m.c.i.embedder.EclipseLogger - Copying 0 resource
2023-03-26 01:20:58,683 [Worker-1: Building] INFO  o.e.m.c.i.embedder.EclipseLogger - Using 'UTF-8' encoding to copy filtered resources.
2023-03-26 01:20:58,683 [Worker-1: Building] INFO  o.e.m.c.i.embedder.EclipseLogger - Using 'UTF-8' encoding to copy filtered properties files.
2023-03-26 01:20:58,684 [Worker-1: Building] INFO  o.e.m.c.i.embedder.EclipseLogger - skip non existing resourceDirectory C:\Users\ashish.kumar4\Desktop\emp management\UI\user-authorization\src\test\resources
2023-03-26 01:21:32,556 [Worker-5: Building] INFO  o.e.m.c.i.embedder.EclipseLogger - Using 'UTF-8' encoding to copy filtered resources.
2023-03-26 01:21:32,556 [Worker-5: Building] INFO  o.e.m.c.i.embedder.EclipseLogger - Using 'UTF-8' encoding to copy filtered properties files.
2023-03-26 01:21:32,556 [Worker-5: Building] INFO  o.e.m.c.i.embedder.EclipseLogger - Copying 1 resource
2023-03-26 01:21:32,567 [Worker-5: Building] INFO  o.e.m.c.i.embedder.EclipseLogger - Copying 0 resource
2023-03-26 01:21:32,570 [Worker-5: Building] INFO  o.e.m.c.i.embedder.EclipseLogger - Using 'UTF-8' encoding to copy filtered resources.
2023-03-26 01:21:32,570 [Worker-5: Building] INFO  o.e.m.c.i.embedder.EclipseLogger - Using 'UTF-8' encoding to copy filtered properties files.
2023-03-26 01:21:32,570 [Worker-5: Building] INFO  o.e.m.c.i.embedder.EclipseLogger - skip non existing resourceDirectory C:\Users\ashish.kumar4\Desktop\emp management\UI\user-authorization\src\test\resources
2023-03-26 01:33:02,519 [Worker-23: Building] INFO  o.e.m.c.i.embedder.EclipseLogger - Using 'UTF-8' encoding to copy filtered resources.
2023-03-26 01:33:02,520 [Worker-23: Building] INFO  o.e.m.c.i.embedder.EclipseLogger - Using 'UTF-8' encoding to copy filtered properties files.
2023-03-26 01:33:02,520 [Worker-23: Building] INFO  o.e.m.c.i.embedder.EclipseLogger - Copying 1 resource
2023-03-26 01:33:02,533 [Worker-23: Building] INFO  o.e.m.c.i.embedder.EclipseLogger - Copying 0 resource
2023-03-26 01:33:02,535 [Worker-23: Building] INFO  o.e.m.c.i.embedder.EclipseLogger - Using 'UTF-8' encoding to copy filtered resources.
2023-03-26 01:33:02,536 [Worker-23: Building] INFO  o.e.m.c.i.embedder.EclipseLogger - Using 'UTF-8' encoding to copy filtered properties files.
2023-03-26 01:33:02,536 [Worker-23: Building] INFO  o.e.m.c.i.embedder.EclipseLogger - skip non existing resourceDirectory C:\Users\ashish.kumar4\Desktop\emp management\UI\user-authorization\src\test\resources
2023-03-26 01:33:12,767 [Worker-23: Building] INFO  o.e.m.c.i.embedder.EclipseLogger - Using 'UTF-8' encoding to copy filtered resources.
2023-03-26 01:33:12,768 [Worker-23: Building] INFO  o.e.m.c.i.embedder.EclipseLogger - Using 'UTF-8' encoding to copy filtered properties files.
2023-03-26 01:33:12,769 [Worker-23: Building] INFO  o.e.m.c.i.embedder.EclipseLogger - Copying 1 resource
2023-03-26 01:33:12,773 [Worker-23: Building] INFO  o.e.m.c.i.embedder.EclipseLogger - Copying 0 resource
2023-03-26 01:33:12,776 [Worker-23: Building] INFO  o.e.m.c.i.embedder.EclipseLogger - Using 'UTF-8' encoding to copy filtered resources.
2023-03-26 01:33:12,776 [Worker-23: Building] INFO  o.e.m.c.i.embedder.EclipseLogger - Using 'UTF-8' encoding to copy filtered properties files.
2023-03-26 01:33:12,776 [Worker-23: Building] INFO  o.e.m.c.i.embedder.EclipseLogger - skip non existing resourceDirectory C:\Users\ashish.kumar4\Desktop\emp management\UI\user-authorization\src\test\resources
2023-03-26 01:33:17,224 [Worker-21: Building] INFO  o.e.m.c.i.embedder.EclipseLogger - Using 'UTF-8' encoding to copy filtered resources.
2023-03-26 01:33:17,224 [Worker-21: Building] INFO  o.e.m.c.i.embedder.EclipseLogger - Using 'UTF-8' encoding to copy filtered properties files.
2023-03-26 01:33:17,225 [Worker-21: Building] INFO  o.e.m.c.i.embedder.EclipseLogger - Copying 1 resource
2023-03-26 01:33:17,231 [Worker-21: Building] INFO  o.e.m.c.i.embedder.EclipseLogger - Copying 0 resource
2023-03-26 01:33:17,234 [Worker-21: Building] INFO  o.e.m.c.i.embedder.EclipseLogger - Using 'UTF-8' encoding to copy filtered resources.
2023-03-26 01:33:17,234 [Worker-21: Building] INFO  o.e.m.c.i.embedder.EclipseLogger - Using 'UTF-8' encoding to copy filtered properties files.
2023-03-26 01:33:17,234 [Worker-21: Building] INFO  o.e.m.c.i.embedder.EclipseLogger - skip non existing resourceDirectory C:\Users\ashish.kumar4\Desktop\emp management\UI\user-authorization\src\test\resources
2023-03-26 01:35:03,341 [Worker-1: Building] INFO  o.e.m.c.i.embedder.EclipseLogger - Using 'UTF-8' encoding to copy filtered resources.
2023-03-26 01:35:03,341 [Worker-1: Building] INFO  o.e.m.c.i.embedder.EclipseLogger - Using 'UTF-8' encoding to copy filtered properties files.
2023-03-26 01:35:03,341 [Worker-1: Building] INFO  o.e.m.c.i.embedder.EclipseLogger - Copying 1 resource
2023-03-26 01:35:03,352 [Worker-1: Building] INFO  o.e.m.c.i.embedder.EclipseLogger - Copying 0 resource
2023-03-26 01:35:03,356 [Worker-1: Building] INFO  o.e.m.c.i.embedder.EclipseLogger - Using 'UTF-8' encoding to copy filtered resources.
2023-03-26 01:35:03,356 [Worker-1: Building] INFO  o.e.m.c.i.embedder.EclipseLogger - Using 'UTF-8' encoding to copy filtered properties files.
2023-03-26 01:35:03,356 [Worker-1: Building] INFO  o.e.m.c.i.embedder.EclipseLogger - skip non existing resourceDirectory C:\Users\ashish.kumar4\Desktop\emp management\UI\user-authorization\src\test\resources
2023-03-26 01:40:00,497 [Worker-3: Loading available Gradle versions] INFO  o.e.b.c.i.u.g.PublishedGradleVersions - Gradle version information cache is up-to-date. Trying to read.
2023-03-26 01:40:12,066 [Worker-1: Building] INFO  o.e.m.c.i.embedder.EclipseLogger - Using 'UTF-8' encoding to copy filtered resources.
2023-03-26 01:40:12,068 [Worker-1: Building] INFO  o.e.m.c.i.embedder.EclipseLogger - Using 'UTF-8' encoding to copy filtered properties files.
2023-03-26 01:40:12,072 [Worker-1: Building] INFO  o.e.m.c.i.embedder.EclipseLogger - Copying 1 resource
2023-03-26 01:40:12,105 [Worker-1: Building] INFO  o.e.m.c.i.embedder.EclipseLogger - Copying 0 resource
2023-03-26 01:40:12,112 [Worker-1: Building] INFO  o.e.m.c.i.embedder.EclipseLogger - Using 'UTF-8' encoding to copy filtered resources.
2023-03-26 01:40:12,112 [Worker-1: Building] INFO  o.e.m.c.i.embedder.EclipseLogger - Using 'UTF-8' encoding to copy filtered properties files.
2023-03-26 01:40:12,112 [Worker-1: Building] INFO  o.e.m.c.i.embedder.EclipseLogger - skip non existing resourceDirectory C:\Users\ashish.kumar4\Desktop\emp management\UI\user-management\src\test\resources
2023-03-26 01:45:10,831 [Worker-15: Launching user-authorization - AuthorizationApplication] INFO  o.e.m.c.i.embedder.EclipseLogger - Using 'UTF-8' encoding to copy filtered resources.
2023-03-26 01:45:10,832 [Worker-15: Launching user-authorization - AuthorizationApplication] INFO  o.e.m.c.i.embedder.EclipseLogger - Using 'UTF-8' encoding to copy filtered properties files.
2023-03-26 01:45:10,832 [Worker-15: Launching user-authorization - AuthorizationApplication] INFO  o.e.m.c.i.embedder.EclipseLogger - Copying 1 resource
2023-03-26 01:45:10,855 [Worker-15: Launching user-authorization - AuthorizationApplication] INFO  o.e.m.c.i.embedder.EclipseLogger - Copying 0 resource
2023-03-26 01:45:10,859 [Worker-15: Launching user-authorization - AuthorizationApplication] INFO  o.e.m.c.i.embedder.EclipseLogger - Using 'UTF-8' encoding to copy filtered resources.
2023-03-26 01:45:10,860 [Worker-15: Launching user-authorization - AuthorizationApplication] INFO  o.e.m.c.i.embedder.EclipseLogger - Using 'UTF-8' encoding to copy filtered properties files.
2023-03-26 01:45:10,860 [Worker-15: Launching user-authorization - AuthorizationApplication] INFO  o.e.m.c.i.embedder.EclipseLogger - skip non existing resourceDirectory C:\Users\ashish.kumar4\Desktop\emp management\UI\user-authorization\src\test\resources
2023-03-26 01:45:58,998 [Worker-13: Building] INFO  o.e.m.c.i.embedder.EclipseLogger - Using 'UTF-8' encoding to copy filtered resources.
2023-03-26 01:45:58,998 [Worker-13: Building] INFO  o.e.m.c.i.embedder.EclipseLogger - Using 'UTF-8' encoding to copy filtered properties files.
2023-03-26 01:45:59,000 [Worker-13: Building] INFO  o.e.m.c.i.embedder.EclipseLogger - Copying 1 resource
2023-03-26 01:45:59,033 [Worker-13: Building] INFO  o.e.m.c.i.embedder.EclipseLogger - Copying 0 resource
2023-03-26 01:45:59,037 [Worker-13: Building] INFO  o.e.m.c.i.embedder.EclipseLogger - Using 'UTF-8' encoding to copy filtered resources.
2023-03-26 01:45:59,037 [Worker-13: Building] INFO  o.e.m.c.i.embedder.EclipseLogger - Using 'UTF-8' encoding to copy filtered properties files.
2023-03-26 01:45:59,037 [Worker-13: Building] INFO  o.e.m.c.i.embedder.EclipseLogger - skip non existing resourceDirectory C:\Users\ashish.kumar4\Desktop\emp management\UI\user-authorization\src\test\resources
2023-03-26 01:57:19,749 [Worker-14: Building] INFO  o.e.m.c.i.embedder.EclipseLogger - Using 'UTF-8' encoding to copy filtered resources.
2023-03-26 01:57:19,749 [Worker-14: Building] INFO  o.e.m.c.i.embedder.EclipseLogger - Using 'UTF-8' encoding to copy filtered properties files.
2023-03-26 01:57:19,750 [Worker-14: Building] INFO  o.e.m.c.i.embedder.EclipseLogger - Copying 1 resource
2023-03-26 01:57:19,755 [Worker-14: Building] INFO  o.e.m.c.i.embedder.EclipseLogger - Copying 0 resource
2023-03-26 01:57:19,759 [Worker-14: Building] INFO  o.e.m.c.i.embedder.EclipseLogger - Using 'UTF-8' encoding to copy filtered resources.
2023-03-26 01:57:19,759 [Worker-14: Building] INFO  o.e.m.c.i.embedder.EclipseLogger - Using 'UTF-8' encoding to copy filtered properties files.
2023-03-26 01:57:19,759 [Worker-14: Building] INFO  o.e.m.c.i.embedder.EclipseLogger - skip non existing resourceDirectory C:\Users\ashish.kumar4\Desktop\emp management\UI\user-authorization\src\test\resources
2023-03-26 21:14:14,550 [Worker-4: Loading available Gradle versions] INFO  o.e.b.c.i.u.g.PublishedGradleVersions - Gradle version information cache is up-to-date. Trying to read.
2023-03-26 21:58:59,525 [Worker-0: Loading available Gradle versions] INFO  o.e.b.c.i.u.g.PublishedGradleVersions - Gradle version information cache is up-to-date. Trying to read.
2023-03-26 23:18:11,414 [Worker-6: Launching user-authorization - AuthorizationApplication] INFO  o.e.m.c.i.embedder.EclipseLogger - Using 'UTF-8' encoding to copy filtered resources.
2023-03-26 23:18:11,415 [Worker-6: Launching user-authorization - AuthorizationApplication] INFO  o.e.m.c.i.embedder.EclipseLogger - Using 'UTF-8' encoding to copy filtered properties files.
2023-03-26 23:18:11,421 [Worker-6: Launching user-authorization - AuthorizationApplication] INFO  o.e.m.c.i.embedder.EclipseLogger - Copying 1 resource
2023-03-26 23:18:11,441 [Worker-6: Launching user-authorization - AuthorizationApplication] INFO  o.e.m.c.i.embedder.EclipseLogger - Copying 0 resource
2023-03-26 23:18:11,446 [Worker-6: Launching user-authorization - AuthorizationApplication] INFO  o.e.m.c.i.embedder.EclipseLogger - Using 'UTF-8' encoding to copy filtered resources.
2023-03-26 23:18:11,446 [Worker-6: Launching user-authorization - AuthorizationApplication] INFO  o.e.m.c.i.embedder.EclipseLogger - Using 'UTF-8' encoding to copy filtered properties files.
2023-03-26 23:18:11,446 [Worker-6: Launching user-authorization - AuthorizationApplication] INFO  o.e.m.c.i.embedder.EclipseLogger - skip non existing resourceDirectory C:\Users\ashish.kumar4\Desktop\emp management\UI\user-authorization\src\test\resources
2023-03-27 12:30:47,628 [Worker-4: Loading available Gradle versions] INFO  o.e.b.c.i.u.g.PublishedGradleVersions - Gradle version information cache is up-to-date. Trying to read.
2023-03-27 13:19:26,254 [Worker-1: Loading available Gradle versions] INFO  o.e.b.c.i.u.g.PublishedGradleVersions - Gradle version information cache is up-to-date. Trying to read.
2023-03-28 11:30:23,078 [Worker-4: Loading available Gradle versions] INFO  o.e.b.c.i.u.g.PublishedGradleVersions - Gradle version information cache is out-of-date. Trying to update.
2023-03-28 22:37:58,112 [Worker-6: Loading available Gradle versions] INFO  o.e.b.c.i.u.g.PublishedGradleVersions - Gradle version information cache is up-to-date. Trying to read.
2023-03-30 00:49:40,518 [Worker-1: Loading available Gradle versions] INFO  o.e.b.c.i.u.g.PublishedGradleVersions - Gradle version information cache is out-of-date. Trying to update.
2023-03-30 01:42:42,050 [Worker-17: Building] INFO  o.e.m.c.i.embedder.EclipseLogger - Using 'UTF-8' encoding to copy filtered resources.
2023-03-30 01:42:42,053 [Worker-17: Building] INFO  o.e.m.c.i.embedder.EclipseLogger - Using 'UTF-8' encoding to copy filtered properties files.
2023-03-30 01:42:42,057 [Worker-17: Building] INFO  o.e.m.c.i.embedder.EclipseLogger - Copying 1 resource
2023-03-30 01:42:42,107 [Worker-17: Building] INFO  o.e.m.c.i.embedder.EclipseLogger - Copying 0 resource
2023-03-30 01:42:42,117 [Worker-17: Building] INFO  o.e.m.c.i.embedder.EclipseLogger - Using 'UTF-8' encoding to copy filtered resources.
2023-03-30 01:42:42,118 [Worker-17: Building] INFO  o.e.m.c.i.embedder.EclipseLogger - Using 'UTF-8' encoding to copy filtered properties files.
2023-03-30 01:42:42,118 [Worker-17: Building] INFO  o.e.m.c.i.embedder.EclipseLogger - skip non existing resourceDirectory C:\Users\ashish.kumar4\Desktop\emp management\UI\user-authorization\src\test\resources
2023-03-30 01:43:15,550 [Worker-17: Building] INFO  o.e.m.c.i.embedder.EclipseLogger - Using 'UTF-8' encoding to copy filtered resources.
2023-03-30 01:43:15,551 [Worker-17: Building] INFO  o.e.m.c.i.embedder.EclipseLogger - Using 'UTF-8' encoding to copy filtered properties files.
2023-03-30 01:43:15,552 [Worker-17: Building] INFO  o.e.m.c.i.embedder.EclipseLogger - Copying 0 resource
2023-03-30 01:43:15,552 [Worker-17: Building] INFO  o.e.m.c.i.embedder.EclipseLogger - Copying 0 resource
2023-03-30 01:43:15,557 [Worker-17: Building] INFO  o.e.m.c.i.embedder.EclipseLogger - Using 'UTF-8' encoding to copy filtered resources.
2023-03-30 01:43:15,557 [Worker-17: Building] INFO  o.e.m.c.i.embedder.EclipseLogger - Using 'UTF-8' encoding to copy filtered properties files.
2023-03-30 01:43:15,557 [Worker-17: Building] INFO  o.e.m.c.i.embedder.EclipseLogger - skip non existing resourceDirectory C:\Users\ashish.kumar4\Desktop\emp management\UI\user-authorization\src\test\resources
2023-03-30 01:44:41,782 [Worker-22: Building] INFO  o.e.m.c.i.l.LifecycleMappingFactory - Using org.eclipse.m2e.jdt.JarLifecycleMapping lifecycle mapping for MavenProject: com.user:user-authorization:0.0.1-SNAPSHOT @ C:\Users\ashish.kumar4\Desktop\emp management\UI\user-authorization\pom.xml.
2023-03-30 01:44:42,614 [Worker-22: Building] INFO  o.e.m.c.i.p.WorkspaceClassifierResolverManager - Resolving P/eureka-server: com.library:eureka-server:0.0.1-SNAPSHOT with classifier  to /eureka-server/target/classes
2023-03-30 01:44:42,802 [Worker-22: Building] INFO  o.e.m.c.i.e.AbstractTransferListenerAdapter - Downloading https://repo.maven.apache.org/maven2/com/sun/jersey/jersey-core/1.19.4/jersey-core-1.19.4.jar
2023-03-30 01:44:43,199 [Worker-22: Building] INFO  o.e.m.c.i.e.AbstractTransferListenerAdapter - Downloaded https://repo.maven.apache.org/maven2/com/sun/jersey/jersey-core/1.19.4/jersey-core-1.19.4.jar
2023-03-30 01:44:44,619 [Worker-22: Building] INFO  o.e.m.c.i.embedder.EclipseLogger - Using 'UTF-8' encoding to copy filtered resources.
2023-03-30 01:44:44,619 [Worker-22: Building] INFO  o.e.m.c.i.embedder.EclipseLogger - Using 'UTF-8' encoding to copy filtered properties files.
2023-03-30 01:44:44,622 [Worker-22: Building] INFO  o.e.m.c.i.embedder.EclipseLogger - Copying 0 resource
2023-03-30 01:44:44,622 [Worker-22: Building] INFO  o.e.m.c.i.embedder.EclipseLogger - Copying 0 resource
2023-03-30 01:44:44,627 [Worker-22: Building] INFO  o.e.m.c.i.embedder.EclipseLogger - Using 'UTF-8' encoding to copy filtered resources.
2023-03-30 01:44:44,627 [Worker-22: Building] INFO  o.e.m.c.i.embedder.EclipseLogger - Using 'UTF-8' encoding to copy filtered properties files.
2023-03-30 01:44:44,627 [Worker-22: Building] INFO  o.e.m.c.i.embedder.EclipseLogger - skip non existing resourceDirectory C:\Users\ashish.kumar4\Desktop\emp management\UI\user-authorization\src\test\resources
2023-03-30 01:44:45,427 [Worker-23: Download sources and javadoc] INFO  o.e.m.c.i.e.AbstractTransferListenerAdapter - Downloading https://repo.maven.apache.org/maven2/com/sun/jersey/jersey-core/1.19.4/jersey-core-1.19.4-sources.jar
2023-03-30 01:44:45,677 [Worker-23: Download sources and javadoc] INFO  o.e.m.c.i.e.AbstractTransferListenerAdapter - Downloaded https://repo.maven.apache.org/maven2/com/sun/jersey/jersey-core/1.19.4/jersey-core-1.19.4-sources.jar
2023-03-30 01:44:45,682 [Worker-23: Download sources and javadoc] INFO  o.e.m.j.internal.DownloadSourcesJob - Downloaded sources for com.sun.jersey:jersey-core:1.19.4
2023-03-30 01:44:47,409 [Worker-23: Building] INFO  o.e.m.c.i.embedder.EclipseLogger - Using 'UTF-8' encoding to copy filtered resources.
2023-03-30 01:44:47,409 [Worker-23: Building] INFO  o.e.m.c.i.embedder.EclipseLogger - Using 'UTF-8' encoding to copy filtered properties files.
2023-03-30 01:44:47,411 [Worker-23: Building] INFO  o.e.m.c.i.embedder.EclipseLogger - Copying 1 resource
2023-03-30 01:44:47,429 [Worker-23: Building] INFO  o.e.m.c.i.embedder.EclipseLogger - Copying 0 resource
2023-03-30 01:44:47,434 [Worker-23: Building] INFO  o.e.m.c.i.embedder.EclipseLogger - Using 'UTF-8' encoding to copy filtered resources.
2023-03-30 01:44:47,434 [Worker-23: Building] INFO  o.e.m.c.i.embedder.EclipseLogger - Using 'UTF-8' encoding to copy filtered properties files.
2023-03-30 01:44:47,434 [Worker-23: Building] INFO  o.e.m.c.i.embedder.EclipseLogger - skip non existing resourceDirectory C:\Users\ashish.kumar4\Desktop\emp management\UI\user-authorization\src\test\resources
2023-03-30 02:16:13,417 [Worker-24: Building] INFO  o.e.m.c.i.embedder.EclipseLogger - Using 'UTF-8' encoding to copy filtered resources.
2023-03-30 02:16:13,417 [Worker-24: Building] INFO  o.e.m.c.i.embedder.EclipseLogger - Using 'UTF-8' encoding to copy filtered properties files.
2023-03-30 02:16:13,417 [Worker-24: Building] INFO  o.e.m.c.i.embedder.EclipseLogger - Copying 0 resource
2023-03-30 02:16:13,418 [Worker-24: Building] INFO  o.e.m.c.i.embedder.EclipseLogger - Copying 0 resource
2023-03-30 02:16:13,423 [Worker-24: Building] INFO  o.e.m.c.i.embedder.EclipseLogger - Using 'UTF-8' encoding to copy filtered resources.
2023-03-30 02:16:13,423 [Worker-24: Building] INFO  o.e.m.c.i.embedder.EclipseLogger - Using 'UTF-8' encoding to copy filtered properties files.
2023-03-30 02:16:13,423 [Worker-24: Building] INFO  o.e.m.c.i.embedder.EclipseLogger - skip non existing resourceDirectory C:\Users\ashish.kumar4\Desktop\emp management\UI\user-authorization\src\test\resources
2023-03-30 02:28:21,430 [Worker-28: Launching AuthorizationApplicationTests] INFO  o.e.m.c.i.p.WorkspaceClassifierResolverManager - Resolving P/eureka-server: com.library:eureka-server:0.0.1-SNAPSHOT with classifier null to /eureka-server/target/classes
2023-03-30 02:28:21,565 [Worker-28: Launching AuthorizationApplicationTests] INFO  o.e.m.c.i.e.AbstractTransferListenerAdapter - Downloading https://repo.maven.apache.org/maven2/org/junit/platform/junit-platform-launcher/1.8.2/junit-platform-launcher-1.8.2.jar
2023-03-30 02:28:21,787 [Worker-28: Launching AuthorizationApplicationTests] INFO  o.e.m.c.i.e.AbstractTransferListenerAdapter - Downloaded https://repo.maven.apache.org/maven2/org/junit/platform/junit-platform-launcher/1.8.2/junit-platform-launcher-1.8.2.jar
2023-03-30 02:28:22,464 [Worker-28: Launching AuthorizationApplicationTests] INFO  o.e.m.c.i.p.WorkspaceClassifierResolverManager - Resolving P/eureka-server: com.library:eureka-server:0.0.1-SNAPSHOT with classifier null to /eureka-server/target/classes
